The system is: Linux - 5.15.133.1-microsoft-standard-WSL2 - x86_64
Compiling the C compiler identification source file "CMakeCCompilerId.c" succeeded.
Compiler: /usr/bin/cc 
Build flags: 
Id flags:  

The output was:
0


Compilation of the C compiler identification source "CMakeCCompilerId.c" produced "a.out"

The C compiler identification is GNU, found in "/mnt/c/Users/Asukai/CLionProjects/coroutine/cmake-build-debug/CMakeFiles/3.22.1/CompilerIdC/a.out"

Compiling the CXX compiler identification source file "CMakeCXXCompilerId.cpp" succeeded.
Compiler: /home/ubuntu2004/gcc131/bin/g++ 
Build flags: 
Id flags:  

The output was:
0


Compilation of the CXX compiler identification source "CMakeCXXCompilerId.cpp" produced "a.out"

The CXX compiler identification is GNU, found in "/mnt/c/Users/Asukai/CLionProjects/coroutine/cmake-build-debug/CMakeFiles/3.22.1/CompilerIdCXX/a.out"

Detecting C compiler ABI info compiled with the following output:
Change Dir: /mnt/c/Users/Asukai/CLionProjects/coroutine/cmake-build-debug/CMakeFiles/CMakeTmp

Run Build Command(s):/usr/bin/gmake -f Makefile cmTC_ce89d/fast && /usr/bin/gmake  -f CMakeFiles/cmTC_ce89d.dir/build.make CMakeFiles/cmTC_ce89d.dir/build
gmake[1]: Entering directory '/mnt/c/Users/Asukai/CLionProjects/coroutine/cmake-build-debug/CMakeFiles/CMakeTmp'
Building C object CMakeFiles/cmTC_ce89d.dir/CMakeCCompilerABI.c.o
/usr/bin/cc   -v -o CMakeFiles/cmTC_ce89d.dir/CMakeCCompilerABI.c.o -c /usr/share/cmake-3.22/Modules/CMakeCCompilerABI.c
Using built-in specs.
COLLECT_GCC=/usr/bin/cc
OFFLOAD_TARGET_NAMES=nvptx-none:amdgcn-amdhsa
OFFLOAD_TARGET_DEFAULT=1
Target: x86_64-linux-gnu
Configured with: ../src/configure -v --with-pkgversion='Ubuntu 11.4.0-1ubuntu1~22.04' --with-bugurl=file:///usr/share/doc/gcc-11/README.Bugs --enable-languages=c,ada,c++,go,brig,d,fortran,objc,obj-c++,m2 --prefix=/usr --with-gcc-major-version-only --program-suffix=-11 --program-prefix=x86_64-linux-gnu- --enable-shared --enable-linker-build-id --libexecdir=/usr/lib --without-included-gettext --enable-threads=posix --libdir=/usr/lib --enable-nls --enable-bootstrap --enable-clocale=gnu --enable-libstdcxx-debug --enable-libstdcxx-time=yes --with-default-libstdcxx-abi=new --enable-gnu-unique-object --disable-vtable-verify --enable-plugin --enable-default-pie --with-system-zlib --enable-libphobos-checking=release --with-target-system-zlib=auto --enable-objc-gc=auto --enable-multiarch --disable-werror --enable-cet --with-arch-32=i686 --with-abi=m64 --with-multilib-list=m32,m64,mx32 --enable-multilib --with-tune=generic --enable-offload-targets=nvptx-none=/build/gcc-11-XeT9lY/gcc-11-11.4.0/debian/tmp-nvptx/usr,amdgcn-amdhsa=/build/gcc-11-XeT9lY/gcc-11-11.4.0/debian/tmp-gcn/usr --without-cuda-driver --enable-checking=release --build=x86_64-linux-gnu --host=x86_64-linux-gnu --target=x86_64-linux-gnu --with-build-config=bootstrap-lto-lean --enable-link-serialization=2
Thread model: posix
Supported LTO compression algorithms: zlib zstd
gcc version 11.4.0 (Ubuntu 11.4.0-1ubuntu1~22.04) 
COLLECT_GCC_OPTIONS='-v' '-o' 'CMakeFiles/cmTC_ce89d.dir/CMakeCCompilerABI.c.o' '-c' '-mtune=generic' '-march=x86-64' '-dumpdir' 'CMakeFiles/cmTC_ce89d.dir/'
 /usr/lib/gcc/x86_64-linux-gnu/11/cc1 -quiet -v -imultiarch x86_64-linux-gnu /usr/share/cmake-3.22/Modules/CMakeCCompilerABI.c -quiet -dumpdir CMakeFiles/cmTC_ce89d.dir/ -dumpbase CMakeCCompilerABI.c.c -dumpbase-ext .c -mtune=generic -march=x86-64 -version -fasynchronous-unwind-tables -fstack-protector-strong -Wformat -Wformat-security -fstack-clash-protection -fcf-protection -o /tmp/ccssoaJL.s
GNU C17 (Ubuntu 11.4.0-1ubuntu1~22.04) version 11.4.0 (x86_64-linux-gnu)
	compiled by GNU C version 11.4.0, GMP version 6.2.1, MPFR version 4.1.0, MPC version 1.2.1, isl version isl-0.24-GMP

GGC heuristics: --param ggc-min-expand=100 --param ggc-min-heapsize=131072
ignoring nonexistent directory "/usr/local/include/x86_64-linux-gnu"
ignoring nonexistent directory "/usr/lib/gcc/x86_64-linux-gnu/11/include-fixed"
ignoring nonexistent directory "/usr/lib/gcc/x86_64-linux-gnu/11/../../../../x86_64-linux-gnu/include"
#include "..." search starts here:
#include <...> search starts here:
 /usr/lib/gcc/x86_64-linux-gnu/11/include
 /usr/local/include
 /usr/include/x86_64-linux-gnu
 /usr/include
End of search list.
GNU C17 (Ubuntu 11.4.0-1ubuntu1~22.04) version 11.4.0 (x86_64-linux-gnu)
	compiled by GNU C version 11.4.0, GMP version 6.2.1, MPFR version 4.1.0, MPC version 1.2.1, isl version isl-0.24-GMP

GGC heuristics: --param ggc-min-expand=100 --param ggc-min-heapsize=131072
Compiler executable checksum: 50eaa2331df977b8016186198deb2d18
COLLECT_GCC_OPTIONS='-v' '-o' 'CMakeFiles/cmTC_ce89d.dir/CMakeCCompilerABI.c.o' '-c' '-mtune=generic' '-march=x86-64' '-dumpdir' 'CMakeFiles/cmTC_ce89d.dir/'
 as -v --64 -o CMakeFiles/cmTC_ce89d.dir/CMakeCCompilerABI.c.o /tmp/ccssoaJL.s
GNU assembler version 2.38 (x86_64-linux-gnu) using BFD version (GNU Binutils for Ubuntu) 2.38
COMPILER_PATH=/usr/lib/gcc/x86_64-linux-gnu/11/:/usr/lib/gcc/x86_64-linux-gnu/11/:/usr/lib/gcc/x86_64-linux-gnu/:/usr/lib/gcc/x86_64-linux-gnu/11/:/usr/lib/gcc/x86_64-linux-gnu/
LIBRARY_PATH=/usr/lib/gcc/x86_64-linux-gnu/11/:/usr/lib/gcc/x86_64-linux-gnu/11/../../../x86_64-linux-gnu/:/usr/lib/gcc/x86_64-linux-gnu/11/../../../../lib/:/lib/x86_64-linux-gnu/:/lib/../lib/:/usr/lib/x86_64-linux-gnu/:/usr/lib/../lib/:/usr/lib/gcc/x86_64-linux-gnu/11/../../../:/lib/:/usr/lib/
COLLECT_GCC_OPTIONS='-v' '-o' 'CMakeFiles/cmTC_ce89d.dir/CMakeCCompilerABI.c.o' '-c' '-mtune=generic' '-march=x86-64' '-dumpdir' 'CMakeFiles/cmTC_ce89d.dir/CMakeCCompilerABI.c.'
Linking C executable cmTC_ce89d
/usr/bin/cmake -E cmake_link_script CMakeFiles/cmTC_ce89d.dir/link.txt --verbose=1
/usr/bin/cc  -v CMakeFiles/cmTC_ce89d.dir/CMakeCCompilerABI.c.o -o cmTC_ce89d 
Using built-in specs.
COLLECT_GCC=/usr/bin/cc
COLLECT_LTO_WRAPPER=/usr/lib/gcc/x86_64-linux-gnu/11/lto-wrapper
OFFLOAD_TARGET_NAMES=nvptx-none:amdgcn-amdhsa
OFFLOAD_TARGET_DEFAULT=1
Target: x86_64-linux-gnu
Configured with: ../src/configure -v --with-pkgversion='Ubuntu 11.4.0-1ubuntu1~22.04' --with-bugurl=file:///usr/share/doc/gcc-11/README.Bugs --enable-languages=c,ada,c++,go,brig,d,fortran,objc,obj-c++,m2 --prefix=/usr --with-gcc-major-version-only --program-suffix=-11 --program-prefix=x86_64-linux-gnu- --enable-shared --enable-linker-build-id --libexecdir=/usr/lib --without-included-gettext --enable-threads=posix --libdir=/usr/lib --enable-nls --enable-bootstrap --enable-clocale=gnu --enable-libstdcxx-debug --enable-libstdcxx-time=yes --with-default-libstdcxx-abi=new --enable-gnu-unique-object --disable-vtable-verify --enable-plugin --enable-default-pie --with-system-zlib --enable-libphobos-checking=release --with-target-system-zlib=auto --enable-objc-gc=auto --enable-multiarch --disable-werror --enable-cet --with-arch-32=i686 --with-abi=m64 --with-multilib-list=m32,m64,mx32 --enable-multilib --with-tune=generic --enable-offload-targets=nvptx-none=/build/gcc-11-XeT9lY/gcc-11-11.4.0/debian/tmp-nvptx/usr,amdgcn-amdhsa=/build/gcc-11-XeT9lY/gcc-11-11.4.0/debian/tmp-gcn/usr --without-cuda-driver --enable-checking=release --build=x86_64-linux-gnu --host=x86_64-linux-gnu --target=x86_64-linux-gnu --with-build-config=bootstrap-lto-lean --enable-link-serialization=2
Thread model: posix
Supported LTO compression algorithms: zlib zstd
gcc version 11.4.0 (Ubuntu 11.4.0-1ubuntu1~22.04) 
COMPILER_PATH=/usr/lib/gcc/x86_64-linux-gnu/11/:/usr/lib/gcc/x86_64-linux-gnu/11/:/usr/lib/gcc/x86_64-linux-gnu/:/usr/lib/gcc/x86_64-linux-gnu/11/:/usr/lib/gcc/x86_64-linux-gnu/
LIBRARY_PATH=/usr/lib/gcc/x86_64-linux-gnu/11/:/usr/lib/gcc/x86_64-linux-gnu/11/../../../x86_64-linux-gnu/:/usr/lib/gcc/x86_64-linux-gnu/11/../../../../lib/:/lib/x86_64-linux-gnu/:/lib/../lib/:/usr/lib/x86_64-linux-gnu/:/usr/lib/../lib/:/usr/lib/gcc/x86_64-linux-gnu/11/../../../:/lib/:/usr/lib/
COLLECT_GCC_OPTIONS='-v' '-o' 'cmTC_ce89d' '-mtune=generic' '-march=x86-64' '-dumpdir' 'cmTC_ce89d.'
 /usr/lib/gcc/x86_64-linux-gnu/11/collect2 -plugin /usr/lib/gcc/x86_64-linux-gnu/11/liblto_plugin.so -plugin-opt=/usr/lib/gcc/x86_64-linux-gnu/11/lto-wrapper -plugin-opt=-fresolution=/tmp/ccXDskyE.res -plugin-opt=-pass-through=-lgcc -plugin-opt=-pass-through=-lgcc_s -plugin-opt=-pass-through=-lc -plugin-opt=-pass-through=-lgcc -plugin-opt=-pass-through=-lgcc_s --build-id --eh-frame-hdr -m elf_x86_64 --hash-style=gnu --as-needed -dynamic-linker /lib64/ld-linux-x86-64.so.2 -pie -z now -z relro -o cmTC_ce89d /usr/lib/gcc/x86_64-linux-gnu/11/../../../x86_64-linux-gnu/Scrt1.o /usr/lib/gcc/x86_64-linux-gnu/11/../../../x86_64-linux-gnu/crti.o /usr/lib/gcc/x86_64-linux-gnu/11/crtbeginS.o -L/usr/lib/gcc/x86_64-linux-gnu/11 -L/usr/lib/gcc/x86_64-linux-gnu/11/../../../x86_64-linux-gnu -L/usr/lib/gcc/x86_64-linux-gnu/11/../../../../lib -L/lib/x86_64-linux-gnu -L/lib/../lib -L/usr/lib/x86_64-linux-gnu -L/usr/lib/../lib -L/usr/lib/gcc/x86_64-linux-gnu/11/../../.. CMakeFiles/cmTC_ce89d.dir/CMakeCCompilerABI.c.o -lgcc --push-state --as-needed -lgcc_s --pop-state -lc -lgcc --push-state --as-needed -lgcc_s --pop-state /usr/lib/gcc/x86_64-linux-gnu/11/crtendS.o /usr/lib/gcc/x86_64-linux-gnu/11/../../../x86_64-linux-gnu/crtn.o
COLLECT_GCC_OPTIONS='-v' '-o' 'cmTC_ce89d' '-mtune=generic' '-march=x86-64' '-dumpdir' 'cmTC_ce89d.'
gmake[1]: Leaving directory '/mnt/c/Users/Asukai/CLionProjects/coroutine/cmake-build-debug/CMakeFiles/CMakeTmp'



Parsed C implicit include dir info from above output: rv=done
  found start of include info
  found start of implicit include info
    add: [/usr/lib/gcc/x86_64-linux-gnu/11/include]
    add: [/usr/local/include]
    add: [/usr/include/x86_64-linux-gnu]
    add: [/usr/include]
  end of search list found
  collapse include dir [/usr/lib/gcc/x86_64-linux-gnu/11/include] ==> [/usr/lib/gcc/x86_64-linux-gnu/11/include]
  collapse include dir [/usr/local/include] ==> [/usr/local/include]
  collapse include dir [/usr/include/x86_64-linux-gnu] ==> [/usr/include/x86_64-linux-gnu]
  collapse include dir [/usr/include] ==> [/usr/include]
  implicit include dirs: [/usr/lib/gcc/x86_64-linux-gnu/11/include;/usr/local/include;/usr/include/x86_64-linux-gnu;/usr/include]


Parsed C implicit link information from above output:
  link line regex: [^( *|.*[/\])(ld|CMAKE_LINK_STARTFILE-NOTFOUND|([^/\]+-)?ld|collect2)[^/\]*( |$)]
  ignore line: [Change Dir: /mnt/c/Users/Asukai/CLionProjects/coroutine/cmake-build-debug/CMakeFiles/CMakeTmp]
  ignore line: []
  ignore line: [Run Build Command(s):/usr/bin/gmake -f Makefile cmTC_ce89d/fast && /usr/bin/gmake  -f CMakeFiles/cmTC_ce89d.dir/build.make CMakeFiles/cmTC_ce89d.dir/build]
  ignore line: [gmake[1]: Entering directory '/mnt/c/Users/Asukai/CLionProjects/coroutine/cmake-build-debug/CMakeFiles/CMakeTmp']
  ignore line: [Building C object CMakeFiles/cmTC_ce89d.dir/CMakeCCompilerABI.c.o]
  ignore line: [/usr/bin/cc   -v -o CMakeFiles/cmTC_ce89d.dir/CMakeCCompilerABI.c.o -c /usr/share/cmake-3.22/Modules/CMakeCCompilerABI.c]
  ignore line: [Using built-in specs.]
  ignore line: [COLLECT_GCC=/usr/bin/cc]
  ignore line: [OFFLOAD_TARGET_NAMES=nvptx-none:amdgcn-amdhsa]
  ignore line: [OFFLOAD_TARGET_DEFAULT=1]
  ignore line: [Target: x86_64-linux-gnu]
  ignore line: [Configured with: ../src/configure -v --with-pkgversion='Ubuntu 11.4.0-1ubuntu1~22.04' --with-bugurl=file:///usr/share/doc/gcc-11/README.Bugs --enable-languages=c ada c++ go brig d fortran objc obj-c++ m2 --prefix=/usr --with-gcc-major-version-only --program-suffix=-11 --program-prefix=x86_64-linux-gnu- --enable-shared --enable-linker-build-id --libexecdir=/usr/lib --without-included-gettext --enable-threads=posix --libdir=/usr/lib --enable-nls --enable-bootstrap --enable-clocale=gnu --enable-libstdcxx-debug --enable-libstdcxx-time=yes --with-default-libstdcxx-abi=new --enable-gnu-unique-object --disable-vtable-verify --enable-plugin --enable-default-pie --with-system-zlib --enable-libphobos-checking=release --with-target-system-zlib=auto --enable-objc-gc=auto --enable-multiarch --disable-werror --enable-cet --with-arch-32=i686 --with-abi=m64 --with-multilib-list=m32 m64 mx32 --enable-multilib --with-tune=generic --enable-offload-targets=nvptx-none=/build/gcc-11-XeT9lY/gcc-11-11.4.0/debian/tmp-nvptx/usr amdgcn-amdhsa=/build/gcc-11-XeT9lY/gcc-11-11.4.0/debian/tmp-gcn/usr --without-cuda-driver --enable-checking=release --build=x86_64-linux-gnu --host=x86_64-linux-gnu --target=x86_64-linux-gnu --with-build-config=bootstrap-lto-lean --enable-link-serialization=2]
  ignore line: [Thread model: posix]
  ignore line: [Supported LTO compression algorithms: zlib zstd]
  ignore line: [gcc version 11.4.0 (Ubuntu 11.4.0-1ubuntu1~22.04) ]
  ignore line: [COLLECT_GCC_OPTIONS='-v' '-o' 'CMakeFiles/cmTC_ce89d.dir/CMakeCCompilerABI.c.o' '-c' '-mtune=generic' '-march=x86-64' '-dumpdir' 'CMakeFiles/cmTC_ce89d.dir/']
  ignore line: [ /usr/lib/gcc/x86_64-linux-gnu/11/cc1 -quiet -v -imultiarch x86_64-linux-gnu /usr/share/cmake-3.22/Modules/CMakeCCompilerABI.c -quiet -dumpdir CMakeFiles/cmTC_ce89d.dir/ -dumpbase CMakeCCompilerABI.c.c -dumpbase-ext .c -mtune=generic -march=x86-64 -version -fasynchronous-unwind-tables -fstack-protector-strong -Wformat -Wformat-security -fstack-clash-protection -fcf-protection -o /tmp/ccssoaJL.s]
  ignore line: [GNU C17 (Ubuntu 11.4.0-1ubuntu1~22.04) version 11.4.0 (x86_64-linux-gnu)]
  ignore line: [	compiled by GNU C version 11.4.0  GMP version 6.2.1  MPFR version 4.1.0  MPC version 1.2.1  isl version isl-0.24-GMP]
  ignore line: []
  ignore line: [GGC heuristics: --param ggc-min-expand=100 --param ggc-min-heapsize=131072]
  ignore line: [ignoring nonexistent directory "/usr/local/include/x86_64-linux-gnu"]
  ignore line: [ignoring nonexistent directory "/usr/lib/gcc/x86_64-linux-gnu/11/include-fixed"]
  ignore line: [ignoring nonexistent directory "/usr/lib/gcc/x86_64-linux-gnu/11/../../../../x86_64-linux-gnu/include"]
  ignore line: [#include "..." search starts here:]
  ignore line: [#include <...> search starts here:]
  ignore line: [ /usr/lib/gcc/x86_64-linux-gnu/11/include]
  ignore line: [ /usr/local/include]
  ignore line: [ /usr/include/x86_64-linux-gnu]
  ignore line: [ /usr/include]
  ignore line: [End of search list.]
  ignore line: [GNU C17 (Ubuntu 11.4.0-1ubuntu1~22.04) version 11.4.0 (x86_64-linux-gnu)]
  ignore line: [	compiled by GNU C version 11.4.0  GMP version 6.2.1  MPFR version 4.1.0  MPC version 1.2.1  isl version isl-0.24-GMP]
  ignore line: []
  ignore line: [GGC heuristics: --param ggc-min-expand=100 --param ggc-min-heapsize=131072]
  ignore line: [Compiler executable checksum: 50eaa2331df977b8016186198deb2d18]
  ignore line: [COLLECT_GCC_OPTIONS='-v' '-o' 'CMakeFiles/cmTC_ce89d.dir/CMakeCCompilerABI.c.o' '-c' '-mtune=generic' '-march=x86-64' '-dumpdir' 'CMakeFiles/cmTC_ce89d.dir/']
  ignore line: [ as -v --64 -o CMakeFiles/cmTC_ce89d.dir/CMakeCCompilerABI.c.o /tmp/ccssoaJL.s]
  ignore line: [GNU assembler version 2.38 (x86_64-linux-gnu) using BFD version (GNU Binutils for Ubuntu) 2.38]
  ignore line: [COMPILER_PATH=/usr/lib/gcc/x86_64-linux-gnu/11/:/usr/lib/gcc/x86_64-linux-gnu/11/:/usr/lib/gcc/x86_64-linux-gnu/:/usr/lib/gcc/x86_64-linux-gnu/11/:/usr/lib/gcc/x86_64-linux-gnu/]
  ignore line: [LIBRARY_PATH=/usr/lib/gcc/x86_64-linux-gnu/11/:/usr/lib/gcc/x86_64-linux-gnu/11/../../../x86_64-linux-gnu/:/usr/lib/gcc/x86_64-linux-gnu/11/../../../../lib/:/lib/x86_64-linux-gnu/:/lib/../lib/:/usr/lib/x86_64-linux-gnu/:/usr/lib/../lib/:/usr/lib/gcc/x86_64-linux-gnu/11/../../../:/lib/:/usr/lib/]
  ignore line: [COLLECT_GCC_OPTIONS='-v' '-o' 'CMakeFiles/cmTC_ce89d.dir/CMakeCCompilerABI.c.o' '-c' '-mtune=generic' '-march=x86-64' '-dumpdir' 'CMakeFiles/cmTC_ce89d.dir/CMakeCCompilerABI.c.']
  ignore line: [Linking C executable cmTC_ce89d]
  ignore line: [/usr/bin/cmake -E cmake_link_script CMakeFiles/cmTC_ce89d.dir/link.txt --verbose=1]
  ignore line: [/usr/bin/cc  -v CMakeFiles/cmTC_ce89d.dir/CMakeCCompilerABI.c.o -o cmTC_ce89d ]
  ignore line: [Using built-in specs.]
  ignore line: [COLLECT_GCC=/usr/bin/cc]
  ignore line: [COLLECT_LTO_WRAPPER=/usr/lib/gcc/x86_64-linux-gnu/11/lto-wrapper]
  ignore line: [OFFLOAD_TARGET_NAMES=nvptx-none:amdgcn-amdhsa]
  ignore line: [OFFLOAD_TARGET_DEFAULT=1]
  ignore line: [Target: x86_64-linux-gnu]
  ignore line: [Configured with: ../src/configure -v --with-pkgversion='Ubuntu 11.4.0-1ubuntu1~22.04' --with-bugurl=file:///usr/share/doc/gcc-11/README.Bugs --enable-languages=c ada c++ go brig d fortran objc obj-c++ m2 --prefix=/usr --with-gcc-major-version-only --program-suffix=-11 --program-prefix=x86_64-linux-gnu- --enable-shared --enable-linker-build-id --libexecdir=/usr/lib --without-included-gettext --enable-threads=posix --libdir=/usr/lib --enable-nls --enable-bootstrap --enable-clocale=gnu --enable-libstdcxx-debug --enable-libstdcxx-time=yes --with-default-libstdcxx-abi=new --enable-gnu-unique-object --disable-vtable-verify --enable-plugin --enable-default-pie --with-system-zlib --enable-libphobos-checking=release --with-target-system-zlib=auto --enable-objc-gc=auto --enable-multiarch --disable-werror --enable-cet --with-arch-32=i686 --with-abi=m64 --with-multilib-list=m32 m64 mx32 --enable-multilib --with-tune=generic --enable-offload-targets=nvptx-none=/build/gcc-11-XeT9lY/gcc-11-11.4.0/debian/tmp-nvptx/usr amdgcn-amdhsa=/build/gcc-11-XeT9lY/gcc-11-11.4.0/debian/tmp-gcn/usr --without-cuda-driver --enable-checking=release --build=x86_64-linux-gnu --host=x86_64-linux-gnu --target=x86_64-linux-gnu --with-build-config=bootstrap-lto-lean --enable-link-serialization=2]
  ignore line: [Thread model: posix]
  ignore line: [Supported LTO compression algorithms: zlib zstd]
  ignore line: [gcc version 11.4.0 (Ubuntu 11.4.0-1ubuntu1~22.04) ]
  ignore line: [COMPILER_PATH=/usr/lib/gcc/x86_64-linux-gnu/11/:/usr/lib/gcc/x86_64-linux-gnu/11/:/usr/lib/gcc/x86_64-linux-gnu/:/usr/lib/gcc/x86_64-linux-gnu/11/:/usr/lib/gcc/x86_64-linux-gnu/]
  ignore line: [LIBRARY_PATH=/usr/lib/gcc/x86_64-linux-gnu/11/:/usr/lib/gcc/x86_64-linux-gnu/11/../../../x86_64-linux-gnu/:/usr/lib/gcc/x86_64-linux-gnu/11/../../../../lib/:/lib/x86_64-linux-gnu/:/lib/../lib/:/usr/lib/x86_64-linux-gnu/:/usr/lib/../lib/:/usr/lib/gcc/x86_64-linux-gnu/11/../../../:/lib/:/usr/lib/]
  ignore line: [COLLECT_GCC_OPTIONS='-v' '-o' 'cmTC_ce89d' '-mtune=generic' '-march=x86-64' '-dumpdir' 'cmTC_ce89d.']
  link line: [ /usr/lib/gcc/x86_64-linux-gnu/11/collect2 -plugin /usr/lib/gcc/x86_64-linux-gnu/11/liblto_plugin.so -plugin-opt=/usr/lib/gcc/x86_64-linux-gnu/11/lto-wrapper -plugin-opt=-fresolution=/tmp/ccXDskyE.res -plugin-opt=-pass-through=-lgcc -plugin-opt=-pass-through=-lgcc_s -plugin-opt=-pass-through=-lc -plugin-opt=-pass-through=-lgcc -plugin-opt=-pass-through=-lgcc_s --build-id --eh-frame-hdr -m elf_x86_64 --hash-style=gnu --as-needed -dynamic-linker /lib64/ld-linux-x86-64.so.2 -pie -z now -z relro -o cmTC_ce89d /usr/lib/gcc/x86_64-linux-gnu/11/../../../x86_64-linux-gnu/Scrt1.o /usr/lib/gcc/x86_64-linux-gnu/11/../../../x86_64-linux-gnu/crti.o /usr/lib/gcc/x86_64-linux-gnu/11/crtbeginS.o -L/usr/lib/gcc/x86_64-linux-gnu/11 -L/usr/lib/gcc/x86_64-linux-gnu/11/../../../x86_64-linux-gnu -L/usr/lib/gcc/x86_64-linux-gnu/11/../../../../lib -L/lib/x86_64-linux-gnu -L/lib/../lib -L/usr/lib/x86_64-linux-gnu -L/usr/lib/../lib -L/usr/lib/gcc/x86_64-linux-gnu/11/../../.. CMakeFiles/cmTC_ce89d.dir/CMakeCCompilerABI.c.o -lgcc --push-state --as-needed -lgcc_s --pop-state -lc -lgcc --push-state --as-needed -lgcc_s --pop-state /usr/lib/gcc/x86_64-linux-gnu/11/crtendS.o /usr/lib/gcc/x86_64-linux-gnu/11/../../../x86_64-linux-gnu/crtn.o]
    arg [/usr/lib/gcc/x86_64-linux-gnu/11/collect2] ==> ignore
    arg [-plugin] ==> ignore
    arg [/usr/lib/gcc/x86_64-linux-gnu/11/liblto_plugin.so] ==> ignore
    arg [-plugin-opt=/usr/lib/gcc/x86_64-linux-gnu/11/lto-wrapper] ==> ignore
    arg [-plugin-opt=-fresolution=/tmp/ccXDskyE.res] ==> ignore
    arg [-plugin-opt=-pass-through=-lgcc] ==> ignore
    arg [-plugin-opt=-pass-through=-lgcc_s] ==> ignore
    arg [-plugin-opt=-pass-through=-lc] ==> ignore
    arg [-plugin-opt=-pass-through=-lgcc] ==> ignore
    arg [-plugin-opt=-pass-through=-lgcc_s] ==> ignore
    arg [--build-id] ==> ignore
    arg [--eh-frame-hdr] ==> ignore
    arg [-m] ==> ignore
    arg [elf_x86_64] ==> ignore
    arg [--hash-style=gnu] ==> ignore
    arg [--as-needed] ==> ignore
    arg [-dynamic-linker] ==> ignore
    arg [/lib64/ld-linux-x86-64.so.2] ==> ignore
    arg [-pie] ==> ignore
    arg [-znow] ==> ignore
    arg [-zrelro] ==> ignore
    arg [-o] ==> ignore
    arg [cmTC_ce89d] ==> ignore
    arg [/usr/lib/gcc/x86_64-linux-gnu/11/../../../x86_64-linux-gnu/Scrt1.o] ==> obj [/usr/lib/gcc/x86_64-linux-gnu/11/../../../x86_64-linux-gnu/Scrt1.o]
    arg [/usr/lib/gcc/x86_64-linux-gnu/11/../../../x86_64-linux-gnu/crti.o] ==> obj [/usr/lib/gcc/x86_64-linux-gnu/11/../../../x86_64-linux-gnu/crti.o]
    arg [/usr/lib/gcc/x86_64-linux-gnu/11/crtbeginS.o] ==> obj [/usr/lib/gcc/x86_64-linux-gnu/11/crtbeginS.o]
    arg [-L/usr/lib/gcc/x86_64-linux-gnu/11] ==> dir [/usr/lib/gcc/x86_64-linux-gnu/11]
    arg [-L/usr/lib/gcc/x86_64-linux-gnu/11/../../../x86_64-linux-gnu] ==> dir [/usr/lib/gcc/x86_64-linux-gnu/11/../../../x86_64-linux-gnu]
    arg [-L/usr/lib/gcc/x86_64-linux-gnu/11/../../../../lib] ==> dir [/usr/lib/gcc/x86_64-linux-gnu/11/../../../../lib]
    arg [-L/lib/x86_64-linux-gnu] ==> dir [/lib/x86_64-linux-gnu]
    arg [-L/lib/../lib] ==> dir [/lib/../lib]
    arg [-L/usr/lib/x86_64-linux-gnu] ==> dir [/usr/lib/x86_64-linux-gnu]
    arg [-L/usr/lib/../lib] ==> dir [/usr/lib/../lib]
    arg [-L/usr/lib/gcc/x86_64-linux-gnu/11/../../..] ==> dir [/usr/lib/gcc/x86_64-linux-gnu/11/../../..]
    arg [CMakeFiles/cmTC_ce89d.dir/CMakeCCompilerABI.c.o] ==> ignore
    arg [-lgcc] ==> lib [gcc]
    arg [--push-state] ==> ignore
    arg [--as-needed] ==> ignore
    arg [-lgcc_s] ==> lib [gcc_s]
    arg [--pop-state] ==> ignore
    arg [-lc] ==> lib [c]
    arg [-lgcc] ==> lib [gcc]
    arg [--push-state] ==> ignore
    arg [--as-needed] ==> ignore
    arg [-lgcc_s] ==> lib [gcc_s]
    arg [--pop-state] ==> ignore
    arg [/usr/lib/gcc/x86_64-linux-gnu/11/crtendS.o] ==> obj [/usr/lib/gcc/x86_64-linux-gnu/11/crtendS.o]
    arg [/usr/lib/gcc/x86_64-linux-gnu/11/../../../x86_64-linux-gnu/crtn.o] ==> obj [/usr/lib/gcc/x86_64-linux-gnu/11/../../../x86_64-linux-gnu/crtn.o]
  collapse obj [/usr/lib/gcc/x86_64-linux-gnu/11/../../../x86_64-linux-gnu/Scrt1.o] ==> [/usr/lib/x86_64-linux-gnu/Scrt1.o]
  collapse obj [/usr/lib/gcc/x86_64-linux-gnu/11/../../../x86_64-linux-gnu/crti.o] ==> [/usr/lib/x86_64-linux-gnu/crti.o]
  collapse obj [/usr/lib/gcc/x86_64-linux-gnu/11/../../../x86_64-linux-gnu/crtn.o] ==> [/usr/lib/x86_64-linux-gnu/crtn.o]
  collapse library dir [/usr/lib/gcc/x86_64-linux-gnu/11] ==> [/usr/lib/gcc/x86_64-linux-gnu/11]
  collapse library dir [/usr/lib/gcc/x86_64-linux-gnu/11/../../../x86_64-linux-gnu] ==> [/usr/lib/x86_64-linux-gnu]
  collapse library dir [/usr/lib/gcc/x86_64-linux-gnu/11/../../../../lib] ==> [/usr/lib]
  collapse library dir [/lib/x86_64-linux-gnu] ==> [/lib/x86_64-linux-gnu]
  collapse library dir [/lib/../lib] ==> [/lib]
  collapse library dir [/usr/lib/x86_64-linux-gnu] ==> [/usr/lib/x86_64-linux-gnu]
  collapse library dir [/usr/lib/../lib] ==> [/usr/lib]
  collapse library dir [/usr/lib/gcc/x86_64-linux-gnu/11/../../..] ==> [/usr/lib]
  implicit libs: [gcc;gcc_s;c;gcc;gcc_s]
  implicit objs: [/usr/lib/x86_64-linux-gnu/Scrt1.o;/usr/lib/x86_64-linux-gnu/crti.o;/usr/lib/gcc/x86_64-linux-gnu/11/crtbeginS.o;/usr/lib/gcc/x86_64-linux-gnu/11/crtendS.o;/usr/lib/x86_64-linux-gnu/crtn.o]
  implicit dirs: [/usr/lib/gcc/x86_64-linux-gnu/11;/usr/lib/x86_64-linux-gnu;/usr/lib;/lib/x86_64-linux-gnu;/lib]
  implicit fwks: []


Detecting CXX compiler ABI info compiled with the following output:
Change Dir: /mnt/c/Users/Asukai/CLionProjects/coroutine/cmake-build-debug/CMakeFiles/CMakeTmp

Run Build Command(s):/usr/bin/gmake -f Makefile cmTC_b2cf3/fast && /usr/bin/gmake  -f CMakeFiles/cmTC_b2cf3.dir/build.make CMakeFiles/cmTC_b2cf3.dir/build
gmake[1]: Entering directory '/mnt/c/Users/Asukai/CLionProjects/coroutine/cmake-build-debug/CMakeFiles/CMakeTmp'
Building CXX object CMakeFiles/cmTC_b2cf3.dir/CMakeCXXCompilerABI.cpp.o
/home/ubuntu2004/gcc131/bin/g++   -v -o CMakeFiles/cmTC_b2cf3.dir/CMakeCXXCompilerABI.cpp.o -c /usr/share/cmake-3.22/Modules/CMakeCXXCompilerABI.cpp
Using built-in specs.
COLLECT_GCC=/home/ubuntu2004/gcc131/bin/g++
Target: x86_64-pc-linux-gnu
Configured with: ../configure --prefix=/home/ubuntu2004/gcc131 --enable-threads=posix -enable-checking=release -enable-languages=c,c++ -disable-multilib
Thread model: posix
Supported LTO compression algorithms: zlib
gcc version 13.1.0 (GCC) 
COLLECT_GCC_OPTIONS='-v' '-o' 'CMakeFiles/cmTC_b2cf3.dir/CMakeCXXCompilerABI.cpp.o' '-c' '-shared-libgcc' '-mtune=generic' '-march=x86-64' '-dumpdir' 'CMakeFiles/cmTC_b2cf3.dir/'
 /home/ubuntu2004/gcc131/libexec/gcc/x86_64-pc-linux-gnu/13.1.0/cc1plus -quiet -v -imultiarch x86_64-linux-gnu -D_GNU_SOURCE /usr/share/cmake-3.22/Modules/CMakeCXXCompilerABI.cpp -quiet -dumpdir CMakeFiles/cmTC_b2cf3.dir/ -dumpbase CMakeCXXCompilerABI.cpp.cpp -dumpbase-ext .cpp -mtune=generic -march=x86-64 -version -o /tmp/ccIdnB5X.s
GNU C++17 (GCC) version 13.1.0 (x86_64-pc-linux-gnu)
	compiled by GNU C version 13.1.0, GMP version 6.2.1, MPFR version 4.1.0, MPC version 1.2.1, isl version isl-0.24-GMP

GGC heuristics: --param ggc-min-expand=100 --param ggc-min-heapsize=131072
ignoring nonexistent directory "/usr/local/include/x86_64-linux-gnu"
ignoring nonexistent directory "/home/ubuntu2004/gcc131/lib/gcc/x86_64-pc-linux-gnu/13.1.0/../../../../x86_64-pc-linux-gnu/include"
#include "..." search starts here:
#include <...> search starts here:
 /home/ubuntu2004/gcc131/lib/gcc/x86_64-pc-linux-gnu/13.1.0/../../../../include/c++/13.1.0
 /home/ubuntu2004/gcc131/lib/gcc/x86_64-pc-linux-gnu/13.1.0/../../../../include/c++/13.1.0/x86_64-pc-linux-gnu
 /home/ubuntu2004/gcc131/lib/gcc/x86_64-pc-linux-gnu/13.1.0/../../../../include/c++/13.1.0/backward
 /home/ubuntu2004/gcc131/lib/gcc/x86_64-pc-linux-gnu/13.1.0/include
 /usr/local/include
 /home/ubuntu2004/gcc131/include
 /home/ubuntu2004/gcc131/lib/gcc/x86_64-pc-linux-gnu/13.1.0/include-fixed/x86_64-linux-gnu
 /home/ubuntu2004/gcc131/lib/gcc/x86_64-pc-linux-gnu/13.1.0/include-fixed
 /usr/include/x86_64-linux-gnu
 /usr/include
End of search list.
Compiler executable checksum: 7a7518f01c76dbc0fbad7b6d1736db4f
COLLECT_GCC_OPTIONS='-v' '-o' 'CMakeFiles/cmTC_b2cf3.dir/CMakeCXXCompilerABI.cpp.o' '-c' '-shared-libgcc' '-mtune=generic' '-march=x86-64' '-dumpdir' 'CMakeFiles/cmTC_b2cf3.dir/'
 as -v --64 -o CMakeFiles/cmTC_b2cf3.dir/CMakeCXXCompilerABI.cpp.o /tmp/ccIdnB5X.s
GNU assembler version 2.38 (x86_64-linux-gnu) using BFD version (GNU Binutils for Ubuntu) 2.38
COMPILER_PATH=/home/ubuntu2004/gcc131/libexec/gcc/x86_64-pc-linux-gnu/13.1.0/:/home/ubuntu2004/gcc131/libexec/gcc/x86_64-pc-linux-gnu/13.1.0/:/home/ubuntu2004/gcc131/libexec/gcc/x86_64-pc-linux-gnu/:/home/ubuntu2004/gcc131/lib/gcc/x86_64-pc-linux-gnu/13.1.0/:/home/ubuntu2004/gcc131/lib/gcc/x86_64-pc-linux-gnu/
LIBRARY_PATH=/home/ubuntu2004/gcc131/lib/gcc/x86_64-pc-linux-gnu/13.1.0/:/home/ubuntu2004/gcc131/lib/gcc/x86_64-pc-linux-gnu/13.1.0/../../../../lib64/:/lib/x86_64-linux-gnu/:/lib/../lib64/:/usr/lib/x86_64-linux-gnu/:/usr/lib/../lib64/:/home/ubuntu2004/gcc131/lib/gcc/x86_64-pc-linux-gnu/13.1.0/../../../:/lib/:/usr/lib/
COLLECT_GCC_OPTIONS='-v' '-o' 'CMakeFiles/cmTC_b2cf3.dir/CMakeCXXCompilerABI.cpp.o' '-c' '-shared-libgcc' '-mtune=generic' '-march=x86-64' '-dumpdir' 'CMakeFiles/cmTC_b2cf3.dir/CMakeCXXCompilerABI.cpp.'
Linking CXX executable cmTC_b2cf3
/usr/bin/cmake -E cmake_link_script CMakeFiles/cmTC_b2cf3.dir/link.txt --verbose=1
/home/ubuntu2004/gcc131/bin/g++  -v CMakeFiles/cmTC_b2cf3.dir/CMakeCXXCompilerABI.cpp.o -o cmTC_b2cf3 
Using built-in specs.
COLLECT_GCC=/home/ubuntu2004/gcc131/bin/g++
COLLECT_LTO_WRAPPER=/home/ubuntu2004/gcc131/libexec/gcc/x86_64-pc-linux-gnu/13.1.0/lto-wrapper
Target: x86_64-pc-linux-gnu
Configured with: ../configure --prefix=/home/ubuntu2004/gcc131 --enable-threads=posix -enable-checking=release -enable-languages=c,c++ -disable-multilib
Thread model: posix
Supported LTO compression algorithms: zlib
gcc version 13.1.0 (GCC) 
COMPILER_PATH=/home/ubuntu2004/gcc131/libexec/gcc/x86_64-pc-linux-gnu/13.1.0/:/home/ubuntu2004/gcc131/libexec/gcc/x86_64-pc-linux-gnu/13.1.0/:/home/ubuntu2004/gcc131/libexec/gcc/x86_64-pc-linux-gnu/:/home/ubuntu2004/gcc131/lib/gcc/x86_64-pc-linux-gnu/13.1.0/:/home/ubuntu2004/gcc131/lib/gcc/x86_64-pc-linux-gnu/
LIBRARY_PATH=/home/ubuntu2004/gcc131/lib/gcc/x86_64-pc-linux-gnu/13.1.0/:/home/ubuntu2004/gcc131/lib/gcc/x86_64-pc-linux-gnu/13.1.0/../../../../lib64/:/lib/x86_64-linux-gnu/:/lib/../lib64/:/usr/lib/x86_64-linux-gnu/:/usr/lib/../lib64/:/home/ubuntu2004/gcc131/lib/gcc/x86_64-pc-linux-gnu/13.1.0/../../../:/lib/:/usr/lib/
COLLECT_GCC_OPTIONS='-v' '-o' 'cmTC_b2cf3' '-shared-libgcc' '-mtune=generic' '-march=x86-64' '-dumpdir' 'cmTC_b2cf3.'
 /home/ubuntu2004/gcc131/libexec/gcc/x86_64-pc-linux-gnu/13.1.0/collect2 -plugin /home/ubuntu2004/gcc131/libexec/gcc/x86_64-pc-linux-gnu/13.1.0/liblto_plugin.so -plugin-opt=/home/ubuntu2004/gcc131/libexec/gcc/x86_64-pc-linux-gnu/13.1.0/lto-wrapper -plugin-opt=-fresolution=/tmp/ccWlLLHj.res -plugin-opt=-pass-through=-lgcc_s -plugin-opt=-pass-through=-lgcc -plugin-opt=-pass-through=-lc -plugin-opt=-pass-through=-lgcc_s -plugin-opt=-pass-through=-lgcc --eh-frame-hdr -m elf_x86_64 -dynamic-linker /lib64/ld-linux-x86-64.so.2 -o cmTC_b2cf3 /lib/x86_64-linux-gnu/crt1.o /lib/x86_64-linux-gnu/crti.o /home/ubuntu2004/gcc131/lib/gcc/x86_64-pc-linux-gnu/13.1.0/crtbegin.o -L/home/ubuntu2004/gcc131/lib/gcc/x86_64-pc-linux-gnu/13.1.0 -L/home/ubuntu2004/gcc131/lib/gcc/x86_64-pc-linux-gnu/13.1.0/../../../../lib64 -L/lib/x86_64-linux-gnu -L/lib/../lib64 -L/usr/lib/x86_64-linux-gnu -L/usr/lib/../lib64 -L/home/ubuntu2004/gcc131/lib/gcc/x86_64-pc-linux-gnu/13.1.0/../../.. CMakeFiles/cmTC_b2cf3.dir/CMakeCXXCompilerABI.cpp.o -lstdc++ -lm -lgcc_s -lgcc -lc -lgcc_s -lgcc /home/ubuntu2004/gcc131/lib/gcc/x86_64-pc-linux-gnu/13.1.0/crtend.o /lib/x86_64-linux-gnu/crtn.o
COLLECT_GCC_OPTIONS='-v' '-o' 'cmTC_b2cf3' '-shared-libgcc' '-mtune=generic' '-march=x86-64' '-dumpdir' 'cmTC_b2cf3.'
gmake[1]: Leaving directory '/mnt/c/Users/Asukai/CLionProjects/coroutine/cmake-build-debug/CMakeFiles/CMakeTmp'



Parsed CXX implicit include dir info from above output: rv=done
  found start of include info
  found start of implicit include info
    add: [/home/ubuntu2004/gcc131/lib/gcc/x86_64-pc-linux-gnu/13.1.0/../../../../include/c++/13.1.0]
    add: [/home/ubuntu2004/gcc131/lib/gcc/x86_64-pc-linux-gnu/13.1.0/../../../../include/c++/13.1.0/x86_64-pc-linux-gnu]
    add: [/home/ubuntu2004/gcc131/lib/gcc/x86_64-pc-linux-gnu/13.1.0/../../../../include/c++/13.1.0/backward]
    add: [/home/ubuntu2004/gcc131/lib/gcc/x86_64-pc-linux-gnu/13.1.0/include]
    add: [/usr/local/include]
    add: [/home/ubuntu2004/gcc131/include]
    add: [/home/ubuntu2004/gcc131/lib/gcc/x86_64-pc-linux-gnu/13.1.0/include-fixed/x86_64-linux-gnu]
    add: [/home/ubuntu2004/gcc131/lib/gcc/x86_64-pc-linux-gnu/13.1.0/include-fixed]
    add: [/usr/include/x86_64-linux-gnu]
    add: [/usr/include]
  end of search list found
  collapse include dir [/home/ubuntu2004/gcc131/lib/gcc/x86_64-pc-linux-gnu/13.1.0/../../../../include/c++/13.1.0] ==> [/home/ubuntu2004/gcc131/include/c++/13.1.0]
  collapse include dir [/home/ubuntu2004/gcc131/lib/gcc/x86_64-pc-linux-gnu/13.1.0/../../../../include/c++/13.1.0/x86_64-pc-linux-gnu] ==> [/home/ubuntu2004/gcc131/include/c++/13.1.0/x86_64-pc-linux-gnu]
  collapse include dir [/home/ubuntu2004/gcc131/lib/gcc/x86_64-pc-linux-gnu/13.1.0/../../../../include/c++/13.1.0/backward] ==> [/home/ubuntu2004/gcc131/include/c++/13.1.0/backward]
  collapse include dir [/home/ubuntu2004/gcc131/lib/gcc/x86_64-pc-linux-gnu/13.1.0/include] ==> [/home/ubuntu2004/gcc131/lib/gcc/x86_64-pc-linux-gnu/13.1.0/include]
  collapse include dir [/usr/local/include] ==> [/usr/local/include]
  collapse include dir [/home/ubuntu2004/gcc131/include] ==> [/home/ubuntu2004/gcc131/include]
  collapse include dir [/home/ubuntu2004/gcc131/lib/gcc/x86_64-pc-linux-gnu/13.1.0/include-fixed/x86_64-linux-gnu] ==> [/home/ubuntu2004/gcc131/lib/gcc/x86_64-pc-linux-gnu/13.1.0/include-fixed/x86_64-linux-gnu]
  collapse include dir [/home/ubuntu2004/gcc131/lib/gcc/x86_64-pc-linux-gnu/13.1.0/include-fixed] ==> [/home/ubuntu2004/gcc131/lib/gcc/x86_64-pc-linux-gnu/13.1.0/include-fixed]
  collapse include dir [/usr/include/x86_64-linux-gnu] ==> [/usr/include/x86_64-linux-gnu]
  collapse include dir [/usr/include] ==> [/usr/include]
  implicit include dirs: [/home/ubuntu2004/gcc131/include/c++/13.1.0;/home/ubuntu2004/gcc131/include/c++/13.1.0/x86_64-pc-linux-gnu;/home/ubuntu2004/gcc131/include/c++/13.1.0/backward;/home/ubuntu2004/gcc131/lib/gcc/x86_64-pc-linux-gnu/13.1.0/include;/usr/local/include;/home/ubuntu2004/gcc131/include;/home/ubuntu2004/gcc131/lib/gcc/x86_64-pc-linux-gnu/13.1.0/include-fixed/x86_64-linux-gnu;/home/ubuntu2004/gcc131/lib/gcc/x86_64-pc-linux-gnu/13.1.0/include-fixed;/usr/include/x86_64-linux-gnu;/usr/include]


Parsed CXX implicit link information from above output:
  link line regex: [^( *|.*[/\])(ld|CMAKE_LINK_STARTFILE-NOTFOUND|([^/\]+-)?ld|collect2)[^/\]*( |$)]
  ignore line: [Change Dir: /mnt/c/Users/Asukai/CLionProjects/coroutine/cmake-build-debug/CMakeFiles/CMakeTmp]
  ignore line: []
  ignore line: [Run Build Command(s):/usr/bin/gmake -f Makefile cmTC_b2cf3/fast && /usr/bin/gmake  -f CMakeFiles/cmTC_b2cf3.dir/build.make CMakeFiles/cmTC_b2cf3.dir/build]
  ignore line: [gmake[1]: Entering directory '/mnt/c/Users/Asukai/CLionProjects/coroutine/cmake-build-debug/CMakeFiles/CMakeTmp']
  ignore line: [Building CXX object CMakeFiles/cmTC_b2cf3.dir/CMakeCXXCompilerABI.cpp.o]
  ignore line: [/home/ubuntu2004/gcc131/bin/g++   -v -o CMakeFiles/cmTC_b2cf3.dir/CMakeCXXCompilerABI.cpp.o -c /usr/share/cmake-3.22/Modules/CMakeCXXCompilerABI.cpp]
  ignore line: [Using built-in specs.]
  ignore line: [COLLECT_GCC=/home/ubuntu2004/gcc131/bin/g++]
  ignore line: [Target: x86_64-pc-linux-gnu]
  ignore line: [Configured with: ../configure --prefix=/home/ubuntu2004/gcc131 --enable-threads=posix -enable-checking=release -enable-languages=c c++ -disable-multilib]
  ignore line: [Thread model: posix]
  ignore line: [Supported LTO compression algorithms: zlib]
  ignore line: [gcc version 13.1.0 (GCC) ]
  ignore line: [COLLECT_GCC_OPTIONS='-v' '-o' 'CMakeFiles/cmTC_b2cf3.dir/CMakeCXXCompilerABI.cpp.o' '-c' '-shared-libgcc' '-mtune=generic' '-march=x86-64' '-dumpdir' 'CMakeFiles/cmTC_b2cf3.dir/']
  ignore line: [ /home/ubuntu2004/gcc131/libexec/gcc/x86_64-pc-linux-gnu/13.1.0/cc1plus -quiet -v -imultiarch x86_64-linux-gnu -D_GNU_SOURCE /usr/share/cmake-3.22/Modules/CMakeCXXCompilerABI.cpp -quiet -dumpdir CMakeFiles/cmTC_b2cf3.dir/ -dumpbase CMakeCXXCompilerABI.cpp.cpp -dumpbase-ext .cpp -mtune=generic -march=x86-64 -version -o /tmp/ccIdnB5X.s]
  ignore line: [GNU C++17 (GCC) version 13.1.0 (x86_64-pc-linux-gnu)]
  ignore line: [	compiled by GNU C version 13.1.0  GMP version 6.2.1  MPFR version 4.1.0  MPC version 1.2.1  isl version isl-0.24-GMP]
  ignore line: []
  ignore line: [GGC heuristics: --param ggc-min-expand=100 --param ggc-min-heapsize=131072]
  ignore line: [ignoring nonexistent directory "/usr/local/include/x86_64-linux-gnu"]
  ignore line: [ignoring nonexistent directory "/home/ubuntu2004/gcc131/lib/gcc/x86_64-pc-linux-gnu/13.1.0/../../../../x86_64-pc-linux-gnu/include"]
  ignore line: [#include "..." search starts here:]
  ignore line: [#include <...> search starts here:]
  ignore line: [ /home/ubuntu2004/gcc131/lib/gcc/x86_64-pc-linux-gnu/13.1.0/../../../../include/c++/13.1.0]
  ignore line: [ /home/ubuntu2004/gcc131/lib/gcc/x86_64-pc-linux-gnu/13.1.0/../../../../include/c++/13.1.0/x86_64-pc-linux-gnu]
  ignore line: [ /home/ubuntu2004/gcc131/lib/gcc/x86_64-pc-linux-gnu/13.1.0/../../../../include/c++/13.1.0/backward]
  ignore line: [ /home/ubuntu2004/gcc131/lib/gcc/x86_64-pc-linux-gnu/13.1.0/include]
  ignore line: [ /usr/local/include]
  ignore line: [ /home/ubuntu2004/gcc131/include]
  ignore line: [ /home/ubuntu2004/gcc131/lib/gcc/x86_64-pc-linux-gnu/13.1.0/include-fixed/x86_64-linux-gnu]
  ignore line: [ /home/ubuntu2004/gcc131/lib/gcc/x86_64-pc-linux-gnu/13.1.0/include-fixed]
  ignore line: [ /usr/include/x86_64-linux-gnu]
  ignore line: [ /usr/include]
  ignore line: [End of search list.]
  ignore line: [Compiler executable checksum: 7a7518f01c76dbc0fbad7b6d1736db4f]
  ignore line: [COLLECT_GCC_OPTIONS='-v' '-o' 'CMakeFiles/cmTC_b2cf3.dir/CMakeCXXCompilerABI.cpp.o' '-c' '-shared-libgcc' '-mtune=generic' '-march=x86-64' '-dumpdir' 'CMakeFiles/cmTC_b2cf3.dir/']
  ignore line: [ as -v --64 -o CMakeFiles/cmTC_b2cf3.dir/CMakeCXXCompilerABI.cpp.o /tmp/ccIdnB5X.s]
  ignore line: [GNU assembler version 2.38 (x86_64-linux-gnu) using BFD version (GNU Binutils for Ubuntu) 2.38]
  ignore line: [COMPILER_PATH=/home/ubuntu2004/gcc131/libexec/gcc/x86_64-pc-linux-gnu/13.1.0/:/home/ubuntu2004/gcc131/libexec/gcc/x86_64-pc-linux-gnu/13.1.0/:/home/ubuntu2004/gcc131/libexec/gcc/x86_64-pc-linux-gnu/:/home/ubuntu2004/gcc131/lib/gcc/x86_64-pc-linux-gnu/13.1.0/:/home/ubuntu2004/gcc131/lib/gcc/x86_64-pc-linux-gnu/]
  ignore line: [LIBRARY_PATH=/home/ubuntu2004/gcc131/lib/gcc/x86_64-pc-linux-gnu/13.1.0/:/home/ubuntu2004/gcc131/lib/gcc/x86_64-pc-linux-gnu/13.1.0/../../../../lib64/:/lib/x86_64-linux-gnu/:/lib/../lib64/:/usr/lib/x86_64-linux-gnu/:/usr/lib/../lib64/:/home/ubuntu2004/gcc131/lib/gcc/x86_64-pc-linux-gnu/13.1.0/../../../:/lib/:/usr/lib/]
  ignore line: [COLLECT_GCC_OPTIONS='-v' '-o' 'CMakeFiles/cmTC_b2cf3.dir/CMakeCXXCompilerABI.cpp.o' '-c' '-shared-libgcc' '-mtune=generic' '-march=x86-64' '-dumpdir' 'CMakeFiles/cmTC_b2cf3.dir/CMakeCXXCompilerABI.cpp.']
  ignore line: [Linking CXX executable cmTC_b2cf3]
  ignore line: [/usr/bin/cmake -E cmake_link_script CMakeFiles/cmTC_b2cf3.dir/link.txt --verbose=1]
  ignore line: [/home/ubuntu2004/gcc131/bin/g++  -v CMakeFiles/cmTC_b2cf3.dir/CMakeCXXCompilerABI.cpp.o -o cmTC_b2cf3 ]
  ignore line: [Using built-in specs.]
  ignore line: [COLLECT_GCC=/home/ubuntu2004/gcc131/bin/g++]
  ignore line: [COLLECT_LTO_WRAPPER=/home/ubuntu2004/gcc131/libexec/gcc/x86_64-pc-linux-gnu/13.1.0/lto-wrapper]
  ignore line: [Target: x86_64-pc-linux-gnu]
  ignore line: [Configured with: ../configure --prefix=/home/ubuntu2004/gcc131 --enable-threads=posix -enable-checking=release -enable-languages=c c++ -disable-multilib]
  ignore line: [Thread model: posix]
  ignore line: [Supported LTO compression algorithms: zlib]
  ignore line: [gcc version 13.1.0 (GCC) ]
  ignore line: [COMPILER_PATH=/home/ubuntu2004/gcc131/libexec/gcc/x86_64-pc-linux-gnu/13.1.0/:/home/ubuntu2004/gcc131/libexec/gcc/x86_64-pc-linux-gnu/13.1.0/:/home/ubuntu2004/gcc131/libexec/gcc/x86_64-pc-linux-gnu/:/home/ubuntu2004/gcc131/lib/gcc/x86_64-pc-linux-gnu/13.1.0/:/home/ubuntu2004/gcc131/lib/gcc/x86_64-pc-linux-gnu/]
  ignore line: [LIBRARY_PATH=/home/ubuntu2004/gcc131/lib/gcc/x86_64-pc-linux-gnu/13.1.0/:/home/ubuntu2004/gcc131/lib/gcc/x86_64-pc-linux-gnu/13.1.0/../../../../lib64/:/lib/x86_64-linux-gnu/:/lib/../lib64/:/usr/lib/x86_64-linux-gnu/:/usr/lib/../lib64/:/home/ubuntu2004/gcc131/lib/gcc/x86_64-pc-linux-gnu/13.1.0/../../../:/lib/:/usr/lib/]
  ignore line: [COLLECT_GCC_OPTIONS='-v' '-o' 'cmTC_b2cf3' '-shared-libgcc' '-mtune=generic' '-march=x86-64' '-dumpdir' 'cmTC_b2cf3.']
  link line: [ /home/ubuntu2004/gcc131/libexec/gcc/x86_64-pc-linux-gnu/13.1.0/collect2 -plugin /home/ubuntu2004/gcc131/libexec/gcc/x86_64-pc-linux-gnu/13.1.0/liblto_plugin.so -plugin-opt=/home/ubuntu2004/gcc131/libexec/gcc/x86_64-pc-linux-gnu/13.1.0/lto-wrapper -plugin-opt=-fresolution=/tmp/ccWlLLHj.res -plugin-opt=-pass-through=-lgcc_s -plugin-opt=-pass-through=-lgcc -plugin-opt=-pass-through=-lc -plugin-opt=-pass-through=-lgcc_s -plugin-opt=-pass-through=-lgcc --eh-frame-hdr -m elf_x86_64 -dynamic-linker /lib64/ld-linux-x86-64.so.2 -o cmTC_b2cf3 /lib/x86_64-linux-gnu/crt1.o /lib/x86_64-linux-gnu/crti.o /home/ubuntu2004/gcc131/lib/gcc/x86_64-pc-linux-gnu/13.1.0/crtbegin.o -L/home/ubuntu2004/gcc131/lib/gcc/x86_64-pc-linux-gnu/13.1.0 -L/home/ubuntu2004/gcc131/lib/gcc/x86_64-pc-linux-gnu/13.1.0/../../../../lib64 -L/lib/x86_64-linux-gnu -L/lib/../lib64 -L/usr/lib/x86_64-linux-gnu -L/usr/lib/../lib64 -L/home/ubuntu2004/gcc131/lib/gcc/x86_64-pc-linux-gnu/13.1.0/../../.. CMakeFiles/cmTC_b2cf3.dir/CMakeCXXCompilerABI.cpp.o -lstdc++ -lm -lgcc_s -lgcc -lc -lgcc_s -lgcc /home/ubuntu2004/gcc131/lib/gcc/x86_64-pc-linux-gnu/13.1.0/crtend.o /lib/x86_64-linux-gnu/crtn.o]
    arg [/home/ubuntu2004/gcc131/libexec/gcc/x86_64-pc-linux-gnu/13.1.0/collect2] ==> ignore
    arg [-plugin] ==> ignore
    arg [/home/ubuntu2004/gcc131/libexec/gcc/x86_64-pc-linux-gnu/13.1.0/liblto_plugin.so] ==> ignore
    arg [-plugin-opt=/home/ubuntu2004/gcc131/libexec/gcc/x86_64-pc-linux-gnu/13.1.0/lto-wrapper] ==> ignore
    arg [-plugin-opt=-fresolution=/tmp/ccWlLLHj.res] ==> ignore
    arg [-plugin-opt=-pass-through=-lgcc_s] ==> ignore
    arg [-plugin-opt=-pass-through=-lgcc] ==> ignore
    arg [-plugin-opt=-pass-through=-lc] ==> ignore
    arg [-plugin-opt=-pass-through=-lgcc_s] ==> ignore
    arg [-plugin-opt=-pass-through=-lgcc] ==> ignore
    arg [--eh-frame-hdr] ==> ignore
    arg [-m] ==> ignore
    arg [elf_x86_64] ==> ignore
    arg [-dynamic-linker] ==> ignore
    arg [/lib64/ld-linux-x86-64.so.2] ==> ignore
    arg [-o] ==> ignore
    arg [cmTC_b2cf3] ==> ignore
    arg [/lib/x86_64-linux-gnu/crt1.o] ==> obj [/lib/x86_64-linux-gnu/crt1.o]
    arg [/lib/x86_64-linux-gnu/crti.o] ==> obj [/lib/x86_64-linux-gnu/crti.o]
    arg [/home/ubuntu2004/gcc131/lib/gcc/x86_64-pc-linux-gnu/13.1.0/crtbegin.o] ==> obj [/home/ubuntu2004/gcc131/lib/gcc/x86_64-pc-linux-gnu/13.1.0/crtbegin.o]
    arg [-L/home/ubuntu2004/gcc131/lib/gcc/x86_64-pc-linux-gnu/13.1.0] ==> dir [/home/ubuntu2004/gcc131/lib/gcc/x86_64-pc-linux-gnu/13.1.0]
    arg [-L/home/ubuntu2004/gcc131/lib/gcc/x86_64-pc-linux-gnu/13.1.0/../../../../lib64] ==> dir [/home/ubuntu2004/gcc131/lib/gcc/x86_64-pc-linux-gnu/13.1.0/../../../../lib64]
    arg [-L/lib/x86_64-linux-gnu] ==> dir [/lib/x86_64-linux-gnu]
    arg [-L/lib/../lib64] ==> dir [/lib/../lib64]
    arg [-L/usr/lib/x86_64-linux-gnu] ==> dir [/usr/lib/x86_64-linux-gnu]
    arg [-L/usr/lib/../lib64] ==> dir [/usr/lib/../lib64]
    arg [-L/home/ubuntu2004/gcc131/lib/gcc/x86_64-pc-linux-gnu/13.1.0/../../..] ==> dir [/home/ubuntu2004/gcc131/lib/gcc/x86_64-pc-linux-gnu/13.1.0/../../..]
    arg [CMakeFiles/cmTC_b2cf3.dir/CMakeCXXCompilerABI.cpp.o] ==> ignore
    arg [-lstdc++] ==> lib [stdc++]
    arg [-lm] ==> lib [m]
    arg [-lgcc_s] ==> lib [gcc_s]
    arg [-lgcc] ==> lib [gcc]
    arg [-lc] ==> lib [c]
    arg [-lgcc_s] ==> lib [gcc_s]
    arg [-lgcc] ==> lib [gcc]
    arg [/home/ubuntu2004/gcc131/lib/gcc/x86_64-pc-linux-gnu/13.1.0/crtend.o] ==> obj [/home/ubuntu2004/gcc131/lib/gcc/x86_64-pc-linux-gnu/13.1.0/crtend.o]
    arg [/lib/x86_64-linux-gnu/crtn.o] ==> obj [/lib/x86_64-linux-gnu/crtn.o]
  collapse library dir [/home/ubuntu2004/gcc131/lib/gcc/x86_64-pc-linux-gnu/13.1.0] ==> [/home/ubuntu2004/gcc131/lib/gcc/x86_64-pc-linux-gnu/13.1.0]
  collapse library dir [/home/ubuntu2004/gcc131/lib/gcc/x86_64-pc-linux-gnu/13.1.0/../../../../lib64] ==> [/home/ubuntu2004/gcc131/lib64]
  collapse library dir [/lib/x86_64-linux-gnu] ==> [/lib/x86_64-linux-gnu]
  collapse library dir [/lib/../lib64] ==> [/lib64]
  collapse library dir [/usr/lib/x86_64-linux-gnu] ==> [/usr/lib/x86_64-linux-gnu]
  collapse library dir [/usr/lib/../lib64] ==> [/usr/lib64]
  collapse library dir [/home/ubuntu2004/gcc131/lib/gcc/x86_64-pc-linux-gnu/13.1.0/../../..] ==> [/home/ubuntu2004/gcc131/lib]
  implicit libs: [stdc++;m;gcc_s;gcc;c;gcc_s;gcc]
  implicit objs: [/lib/x86_64-linux-gnu/crt1.o;/lib/x86_64-linux-gnu/crti.o;/home/ubuntu2004/gcc131/lib/gcc/x86_64-pc-linux-gnu/13.1.0/crtbegin.o;/home/ubuntu2004/gcc131/lib/gcc/x86_64-pc-linux-gnu/13.1.0/crtend.o;/lib/x86_64-linux-gnu/crtn.o]
  implicit dirs: [/home/ubuntu2004/gcc131/lib/gcc/x86_64-pc-linux-gnu/13.1.0;/home/ubuntu2004/gcc131/lib64;/lib/x86_64-linux-gnu;/lib64;/usr/lib/x86_64-linux-gnu;/usr/lib64;/home/ubuntu2004/gcc131/lib]
  implicit fwks: []


